e:\software\code\akiemusicplay\build\_deps\spdlog-build\debug\spdlogd.pdb
e:\software\code\akiemusicplay\build\_deps\spdlog-build\spdlog.dir\debug\fmt.obj
e:\software\code\akiemusicplay\build\_deps\spdlog-build\spdlog.dir\debug\cfg.obj
e:\software\code\akiemusicplay\build\_deps\spdlog-build\spdlog.dir\debug\async.obj
e:\software\code\akiemusicplay\build\_deps\spdlog-build\spdlog.dir\debug\file_sinks.obj
e:\software\code\akiemusicplay\build\_deps\spdlog-build\spdlog.dir\debug\color_sinks.obj
e:\software\code\akiemusicplay\build\_deps\spdlog-build\spdlog.dir\debug\stdout_sinks.obj
e:\software\code\akiemusicplay\build\_deps\spdlog-build\spdlog.dir\debug\spdlog.obj
e:\software\code\akiemusicplay\build\_deps\spdlog-build\cmakefiles\generate.stamp
e:\software\code\akiemusicplay\build\_deps\spdlog-build\debug\spdlogd.lib
e:\software\code\akiemusicplay\build\_deps\spdlog-build\spdlog.dir\debug\spdlog.tlog\cl.command.1.tlog
e:\software\code\akiemusicplay\build\_deps\spdlog-build\spdlog.dir\debug\spdlog.tlog\cl.items.tlog
e:\software\code\akiemusicplay\build\_deps\spdlog-build\spdlog.dir\debug\spdlog.tlog\cl.read.1.tlog
e:\software\code\akiemusicplay\build\_deps\spdlog-build\spdlog.dir\debug\spdlog.tlog\cl.write.1.tlog
e:\software\code\akiemusicplay\build\_deps\spdlog-build\spdlog.dir\debug\spdlog.tlog\custombuild.command.1.tlog
e:\software\code\akiemusicplay\build\_deps\spdlog-build\spdlog.dir\debug\spdlog.tlog\custombuild.read.1.tlog
e:\software\code\akiemusicplay\build\_deps\spdlog-build\spdlog.dir\debug\spdlog.tlog\custombuild.write.1.tlog
e:\software\code\akiemusicplay\build\_deps\spdlog-build\spdlog.dir\debug\spdlog.tlog\lib-link.read.1.tlog
e:\software\code\akiemusicplay\build\_deps\spdlog-build\spdlog.dir\debug\spdlog.tlog\lib-link.write.1.tlog
e:\software\code\akiemusicplay\build\_deps\spdlog-build\spdlog.dir\debug\spdlog.tlog\lib.command.1.tlog
